<?xml version="1.0" encoding="UTF-8"?>
<testng-results ignored="0" total="1" passed="1" failed="0" skipped="0">
  <reporter-output>
  </reporter-output>
  <suite started-at="2022-10-03T20:43:18 IST" name="Suite" finished-at="2022-10-03T20:44:06 IST" duration-ms="48134">
    <groups>
    </groups>
    <test started-at="2022-10-03T20:43:18 IST" name="Test" finished-at="2022-10-03T20:44:06 IST" duration-ms="48134">
      <class name="com.demo.mavenone.Demo">
        <test-method signature="hello(java.lang.String)[pri:0, instance:com.demo.mavenone.Demo@e15b7e8]" started-at="2022-10-03T20:43:19 IST" name="hello" finished-at="2022-10-03T20:44:06 IST" duration-ms="47793" status="PASS">
          <params>
            <param index="0">
              <value>
                <![CDATA[Chrome]]>
              </value>
            </param>
          </params>
          <reporter-output>
          </reporter-output>
        </test-method> <!-- hello -->
      </class> <!-- com.demo.mavenone.Demo -->
    </test> <!-- Test -->
  </suite> <!-- Suite -->
</testng-results>
