<?xml version="1.0" encoding="UTF-8"?>
<testng-results skipped="0" failed="0" ignored="0" total="1" passed="1">
  <reporter-output>
  </reporter-output>
  <suite name="Suite" duration-ms="17092" started-at="2022-09-02T06:20:02Z" finished-at="2022-09-02T06:20:19Z">
    <groups>
    </groups>
    <test name="Test" duration-ms="17092" started-at="2022-09-02T06:20:02Z" finished-at="2022-09-02T06:20:19Z">
      <class name="com.demo.mavenone.Demo">
        <test-method status="PASS" signature="hello()[pri:0, instance:com.demo.mavenone.Demo@4e9ba398]" name="hello" duration-ms="17063" started-at="2022-09-02T06:20:02Z" finished-at="2022-09-02T06:20:19Z">
          <reporter-output>
          </reporter-output>
        </test-method> <!-- hello -->
      </class> <!-- com.demo.mavenone.Demo -->
    </test> <!-- Test -->
  </suite> <!-- Suite -->
</testng-results>
